Change component parameters: Designator = "C5" ("C5"); Footprint = "C0805"; UniqueID = "\ROAQXREO" ("\ROAQXREO")
Change component parameters (AddParameter): Name = "LatestRevisionDate"; Value = "29-May-2009"; VariantName = "[No Variations]"
Change component parameters (AddParameter): Name = "LatestRevisionNote"; Value = "IPC-7351 Footprint Added."; VariantName = "[No Variations]"
Change component parameters (AddParameter): Name = "PackageDescription"; Value = "Chip Capacitor"; VariantName = "[No Variations]"
Change component parameters (AddParameter): Name = "PackageReference"; Value = "C0805"; VariantName = "[No Variations]"
Change component parameters (AddParameter): Name = "Published"; Value = "8-Jun-2000"; VariantName = "[No Variations]"
Change component parameters (AddParameter): Name = "Publisher"; Value = "Altium Limited"; VariantName = "[No Variations]"
Change component parameters (AddParameter): Name = "Value"; Value = "100nF"; VariantName = "[No Variations]"
Added Component: Designator=P(MOLEX_0475890001)
Add component (AddParameter): Name = "Digi-Key_Part_Number"; Value = "WM17143CT-ND"; VariantName = "[No Variations]"
Add component (AddParameter): Name = "Digi-Key_Purchase_URL"; Value = "https://www.digikey.com/product-detail/en/molex/0475890001/WM17143CT-ND/1832255?utm_source=snapeda&utm_medium=aggregator&utm_campaign=symbol"; VariantName = "[No Variations]"
Add component (AddParameter): Name = "MF"; Value = "Molex"; VariantName = "[No Variations]"
Add component (AddParameter): Name = "MP"; Value = "0475890001"; VariantName = "[No Variations]"
Add component (AddParameter): Name = "Package"; Value = "None"; VariantName = "[No Variations]"
Add component (AddParameter): Name = "SnapEDA_Link"; Value = "https://www.snapeda.com/parts/0475890001/Molex/view-part/379420/?ref=snap"; VariantName = "[No Variations]"
Add component (AddParameter): Name = "Value"; Value = ""; VariantName = "[No Variations]"
Added Pin To Net: NetName=GND Pin=P-5
Added Pin To Net: NetName=VCC Pin=SWD-1
Change Net Name : Old Net Name=NetSignals_1 New Net Name=NetU_3
Change Net Name : Old Net Name=NetSignals_2 New Net Name=NetU_4
Change Net Name : Old Net Name=NetSignals_3 New Net Name=NetU_13
Change Net Name : Old Net Name=NetSignals_4 New Net Name=NetU_17
Change Net Name : Old Net Name=NetSignals_5 New Net Name=NetU_18
Change Net Name : Old Net Name=NetSignals_6 New Net Name=NetU_19
Added Pin To Net: NetName=NetP_1 Pin=P-1
Added Pin To Net: NetName=NetP_1 Pin=USB_VBUS-2
Added Net: Name=NetP_1
Added Pin To Net: NetName=NetP_2 Pin=P-2
Added Pin To Net: NetName=NetP_2 Pin=U-45
Added Net: Name=NetP_2
Added Pin To Net: NetName=NetP_3 Pin=P-3
Added Pin To Net: NetName=NetP_3 Pin=U-46
Added Net: Name=NetP_3
Added Pin To Net: NetName=NetU_14 Pin=U-14
Added Net: Name=NetU_14
Added Pin To Net: NetName=NetU_15 Pin=U-15
Added Net: Name=NetU_15
Added Pin To Net: NetName=NetU_16 Pin=U-16
Added Net: Name=NetU_16
Added Pin To Net: NetName=NetU_20 Pin=U-20
Added Net: Name=NetU_20
Added Pin To Net: NetName=NetU_35 Pin=U-35
Added Net: Name=NetU_35
Added Pin To Net: NetName=NetU_36 Pin=U-36
Added Net: Name=NetU_36
Added Pin To Net: NetName=NetU_37 Pin=U-37
Added Net: Name=NetU_37
Added Pin To Net: NetName=NetU_38 Pin=U-38
Added Net: Name=NetU_38
Added Pin To Net: NetName=NetU_61 Pin=U-61
Added Net: Name=NetU_61
Added Pin To Net: NetName=NetU_62 Pin=U-62
Added Net: Name=NetU_62
Change Class Name : Old Net Name=SAMD21_Base_schematic New Net Name=SAMD21_8X8_schematic
Added Member To Class: ClassName=SAMD21_8X8_schematic Member=Component P 0475890001
Added Member To Class: ClassName=SAMD21_8X8_schematic Member=Component U ATSAMD21J18A-AU
Change Room Name: Old Name=SAMD21_Base_schematic New Name=SAMD21_8X8_schematic
Change Room Scope: Old Scope=InComponentClass('SAMD21_Base_schematic') New Scope=InComponentClass('SAMD21_8X8_schematic')
